<?xml version="1.0" encoding="UTF-8"?>
<testsuite name="MainTest" tests="1" skipped="0" failures="0" errors="0" timestamp="2018-05-03T18:14:40" hostname="rmuhamedgalievs-iMac.local" time="0.007">
  <properties/>
  <testcase name="main" classname="MainTest" time="0.007"/>
  <system-out><![CDATA[]]></system-out>
  <system-err><![CDATA[]]></system-err>
</testsuite>
